0 info it worked if it ends with ok
1 verbose cli [ '/usr/local/bin/node', '/usr/local/bin/npm', 'start' ]
2 info using npm@3.10.9
3 info using node@v6.9.2
4 verbose run-script [ 'prestart', 'start', 'poststart' ]
5 info lifecycle druidia.net@0.0.30~prestart: druidia.net@0.0.30
6 silly lifecycle druidia.net@0.0.30~prestart: no script for prestart, continuing
7 info lifecycle druidia.net@0.0.30~start: druidia.net@0.0.30
8 verbose lifecycle druidia.net@0.0.30~start: unsafe-perm in lifecycle true
9 verbose lifecycle druidia.net@0.0.30~start: PATH: /usr/local/lib/node_modules/npm/bin/node-gyp-bin:/Users/kcenturion/Dev/druidia-js/app-server/node_modules/.bin:/Library/Java/JavaVirtualMachines/jdk1.7.0_75.jdk/Contents/Home/jre:/Users/kcenturion/Dev/apache-maven-3.1.1/bin:/usr/local/mysql/bin:/usr/local/bin:/usr/bin:/bin:/usr/sbin:/sbin:/usr/local/git/bin
10 verbose lifecycle druidia.net@0.0.30~start: CWD: /Users/kcenturion/Dev/druidia-js/app-server
11 silly lifecycle druidia.net@0.0.30~start: Args: [ '-c', 'node index.js' ]
12 silly lifecycle druidia.net@0.0.30~start: Returned: code: 1  signal: null
13 info lifecycle druidia.net@0.0.30~start: Failed to exec start script
14 verbose stack Error: druidia.net@0.0.30 start: `node index.js`
14 verbose stack Exit status 1
14 verbose stack     at EventEmitter.<anonymous> (/usr/local/lib/node_modules/npm/lib/utils/lifecycle.js:255:16)
14 verbose stack     at emitTwo (events.js:106:13)
14 verbose stack     at EventEmitter.emit (events.js:191:7)
14 verbose stack     at ChildProcess.<anonymous> (/usr/local/lib/node_modules/npm/lib/utils/spawn.js:40:14)
14 verbose stack     at emitTwo (events.js:106:13)
14 verbose stack     at ChildProcess.emit (events.js:191:7)
14 verbose stack     at maybeClose (internal/child_process.js:877:16)
14 verbose stack     at Process.ChildProcess._handle.onexit (internal/child_process.js:226:5)
15 verbose pkgid druidia.net@0.0.30
16 verbose cwd /Users/kcenturion/Dev/druidia-js/app-server
17 error Darwin 15.5.0
18 error argv "/usr/local/bin/node" "/usr/local/bin/npm" "start"
19 error node v6.9.2
20 error npm  v3.10.9
21 error code ELIFECYCLE
22 error druidia.net@0.0.30 start: `node index.js`
22 error Exit status 1
23 error Failed at the druidia.net@0.0.30 start script 'node index.js'.
23 error Make sure you have the latest version of node.js and npm installed.
23 error If you do, this is most likely a problem with the druidia.net package,
23 error not with npm itself.
23 error Tell the author that this fails on your system:
23 error     node index.js
23 error You can get information on how to open an issue for this project with:
23 error     npm bugs druidia.net
23 error Or if that isn't available, you can get their info via:
23 error     npm owner ls druidia.net
23 error There is likely additional logging output above.
24 verbose exit [ 1, true ]
